==============================================================================

                  ------ MOMENTUM STATISTICS (MW mode) ------

              Momentum MomEngine_64 2020.10.434 (*) built: Oct 31 2019
                           Fri May 21 13:33:01 2021

==============================================================================


------------------------------------------------------------------------------
MESH
------------------------------------------------------------------------------
 Frequency          : 9 GHz

 Rectangular cells  : 29
 Quadrangular cells : 52
 Triangular cells   : 4
 Via cells          : 0

 Edge currents      : 156

------------------------------------------------------------------------------
SOLVER                        USER TIME      ELAPSED TIME      MEMORY         
PROCESSES                      (h:m:s)          (h:m:s)         (MB)          
------------------------------------------------------------------------------

SIMULATION SET-UP
-----------------
 Initialization           |     0: 0: 0   |     0: 0: 1   |     22.75   
 Ports analysis           |     0: 0: 0   |     0: 0: 0   |      0.08   
 Mesh processing          |     0: 0: 0   |     0: 0: 0   |      1.13   

 Matrix size : 156
 Reduced matrix size : 108
 Estimated process size is below 256.00 MB

 Simulation temperature : 298.15 K

1. SIMULATION FREQUENCY = 8 GHz 
-------------------------
 Green functions          |     0: 0: 0   |     0: 0: 0   |      0.66   
 Basis creation           |     0: 0: 0   |     0: 0: 0   |      3.17   
 Matrix load              |     0: 0: 0   |     0: 0: 0   |     19.36   
 Matrix solve             |     0: 0: 0   |     0: 0: 1   |      0.00   
 S parameters             |     0: 0: 0   |     0: 0: 0   |      0.00   

2. SIMULATION FREQUENCY = 8.5 GHz 
-------------------------
 Green functions          |     0: 0: 0   |     0: 0: 0   |      0.00   
 Matrix load              |     0: 0: 0   |     0: 0: 0   |      3.46   
 Matrix solve             |     0: 0: 0   |     0: 0: 0   |      0.00   
 S parameters             |     0: 0: 0   |     0: 0: 0   |      0.00   

3. SIMULATION FREQUENCY = 9 GHz 
-------------------------
 Green functions          |     0: 0: 1   |     0: 0: 0   |      0.00   
 Matrix load              |     0: 0: 0   |     0: 0: 1   |      0.13   
 Matrix solve             |     0: 0: 0   |     0: 0: 0   |      0.00   
 S parameters             |     0: 0: 0   |     0: 0: 0   |      0.00   
 Adaptive sampling        |     0: 0: 0   |     0: 0: 0   |      0.00   

4. SIMULATION FREQUENCY = 8.75 GHz 
-------------------------
 Green functions          |     0: 0: 0   |     0: 0: 0   |      0.00   
 Matrix load              |     0: 0: 1   |     0: 0: 0   |      0.00   
 Matrix solve             |     0: 0: 0   |     0: 0: 0   |      0.00   
 S parameters             |     0: 0: 0   |     0: 0: 0   |      0.00   
 Adaptive sampling        |     0: 0: 0   |     0: 0: 0   |      0.00   

5. SIMULATION FREQUENCY = 8.25 GHz 
-------------------------
 Green functions          |     0: 0: 0   |     0: 0: 0   |      0.00   
 Matrix load              |     0: 0: 0   |     0: 0: 0   |      0.05   
 Matrix solve             |     0: 0: 0   |     0: 0: 0   |      0.00   
 S parameters             |     0: 0: 0   |     0: 0: 0   |      0.00   
 Adaptive sampling        |     0: 0: 1   |     0: 0: 0   |      0.00   

------------------------------------------------------------------------------
TOTALS
------------------------------------------------------------------------------
 Nr of Frequencies   : 5 

 Physical memory :    50.79 MB
 Virtual memory  :    39.84 MB
 Page faults     :       33755
 User Time       :    0h 0m 3s
 Elapsed Time    :    0h 0m 3s

==============================================================================

